<?xml version="1.0" encoding="UTF-8"?>
<testsuite xmlns:xsi="http://www.w3.org/2001/XMLSchema-instance" xsi:noNamespaceSchemaLocation="https://maven.apache.org/surefire/maven-surefire-plugin/xsd/surefire-test-report-3.0.xsd" version="3.0" name="matrixmodeltest.MatrixSetValueTest" time="0.014" tests="12" errors="0" skipped="0" failures="0">
  <properties>
[...]
</properties>
  <testcase name="testSetMatrixValueAtPositionDouble(double)[1]" classname="matrixmodeltest.MatrixSetValueTest" time="0"/>
  <testcase name="testSetMatrixValueAtPositionDouble(double)[2]" classname="matrixmodeltest.MatrixSetValueTest" time="0.001"/>
  <testcase name="testSetMatrixValueAtPositionDouble(double)[3]" classname="matrixmodeltest.MatrixSetValueTest" time="0"/>
  <testcase name="testSetMatrixValueAtPositionDouble(double)[4]" classname="matrixmodeltest.MatrixSetValueTest" time="0"/>
  <testcase name="testSetMatrixValueAtPositionDouble(double)[5]" classname="matrixmodeltest.MatrixSetValueTest" time="0"/>
  <testcase name="testSetMatrixValueAtPositionDouble(double)[6]" classname="matrixmodeltest.MatrixSetValueTest" time="0"/>
  <testcase name="testSetMatrixValueAtPositionString(String)[1]" classname="matrixmodeltest.MatrixSetValueTest" time="0"/>
  <testcase name="testSetMatrixValueAtPositionString(String)[2]" classname="matrixmodeltest.MatrixSetValueTest" time="0.001"/>
  <testcase name="testSetMatrixValueAtPositionString(String)[3]" classname="matrixmodeltest.MatrixSetValueTest" time="0.001"/>
  <testcase name="testSetMatrixValueAtPositionString(String)[4]" classname="matrixmodeltest.MatrixSetValueTest" time="0"/>
  <testcase name="testSetMatrixValueAtPositionString(String)[5]" classname="matrixmodeltest.MatrixSetValueTest" time="0"/>
  <testcase name="testSetMatrixValueAtPositionString(String)[6]" classname="matrixmodeltest.MatrixSetValueTest" time="0"/>
</testsuite>